[debug] [2019-09-10T13:35:33.357Z] ----------------------------------------------------------------------
[debug] [2019-09-10T13:35:33.358Z] Command:       /usr/bin/node /usr/bin/firebase serve
[debug] [2019-09-10T13:35:33.358Z] CLI Version:   7.3.1
[debug] [2019-09-10T13:35:33.358Z] Platform:      linux
[debug] [2019-09-10T13:35:33.358Z] Node Version:  v12.10.0
[debug] [2019-09-10T13:35:33.358Z] Time:          Tue Sep 10 2019 16:35:33 GMT+0300 (GMT+03:00)
[debug] [2019-09-10T13:35:33.358Z] ----------------------------------------------------------------------
[debug] 
[debug] [2019-09-10T13:35:33.364Z] > command requires scopes: ["email","openid","https://www.googleapis.com/auth/cloudplatformprojects.readonly","https://www.googleapis.com/auth/firebase","https://www.googleapis.com/auth/cloud-platform"]
[debug] [2019-09-10T13:35:33.364Z] > authorizing via signed-in user
[debug] [2019-09-10T13:35:33.364Z] [iam] checking project lifecare-55c38 for permissions ["firebase.projects.get"]
[debug] [2019-09-10T13:35:33.365Z] >>> HTTP REQUEST POST https://cloudresourcemanager.googleapis.com/v1/projects/lifecare-55c38:testIamPermissions  

[debug] [2019-09-10T13:35:34.588Z] <<< HTTP RESPONSE 200
[debug] [2019-09-10T13:35:34.591Z] >>> HTTP REQUEST GET https://firebase.googleapis.com/v1beta1/projects/lifecare-55c38  
 
[debug] [2019-09-10T13:35:35.003Z] <<< HTTP RESPONSE 200
[info] 
[info] === Serving from '/home/arch/Scripts/LifeCare'...
[info] 
[debug] [2019-09-10T13:35:35.012Z] >>> HTTP REQUEST GET https://firebase.googleapis.com/v1beta1/projects/lifecare-55c38/webApps/-/config  
 
[warn] ⚠  Your functions directory does not specify a Node version.
   - Learn more at https://firebase.google.com/docs/functions/manage-functions#set_runtime_options
[info] ✔  functions: Emulator started at http://localhost:5001
[debug] [2019-09-10T13:35:35.630Z] <<< HTTP RESPONSE 200
[info] i  functions: Watching "/home/arch/Scripts/LifeCare/functions" for Cloud Functions...
[info] i  hosting: Serving hosting files from: public
[info] ✔  hosting: Local server: http://localhost:5000
[debug] [2019-09-10T13:35:35.766Z] [runtime-status] Functions runtime initialized. {"cwd":"/home/arch/Scripts/LifeCare/functions","node_version":"12.10.0"}
[debug] [2019-09-10T13:35:35.766Z] [runtime-status] Disabled runtime features: {"functions_config_helper":true,"network_filtering":true,"timeout":true,"memory_limiting":true,"admin_stubs":true} {}
[debug] [2019-09-10T13:35:35.768Z] [runtime-status] Resolved module firebase-admin {"declared":true,"installed":true,"version":"6.0.0","resolution":"/home/arch/Scripts/LifeCare/functions/node_modules/firebase-admin/lib/index.js"}
[warn] ⚠  The Cloud Functions emulator requires the module "firebase-admin" to be version >8.0.0 so your version is too old. You can probably fix this by running "npm install firebase-admin@latest" in your functions directory.
[info] i  functions: Your functions could not be parsed due to an issue with your node_modules (see above)
